This file contains any messages produced by compilers while
running configure, to aid debugging if configure makes a mistake.

It was created by mpiio configure 0.01, which was
generated by GNU Autoconf 2.64.  Invocation command line was

  $ ./configure --prefix=/sp6/usercin/cin0554a/mpiio-0.01 CC=mpCC CFLAGS=-qcpluscmt

## --------- ##
## Platform. ##
## --------- ##

hostname = sp0201
uname -m = 00C3E6444C00
uname -r = 1
uname -s = AIX
uname -v = 6

/usr/bin/uname -p = powerpc
/bin/uname -X     = unknown

/bin/arch              = unknown
/usr/bin/arch -k       = unknown
/usr/convex/getsysinfo = unknown
/usr/bin/hostinfo      = unknown
/bin/machine           = unknown
/usr/bin/oslevel       = 6.1.2.0
/bin/universe          = unknown

PATH: /cineca/bin
PATH: /usr/bin
PATH: /etc
PATH: /usr/sbin
PATH: /usr/ucb
PATH: /usr/bin/X11
PATH: /sbin
PATH: /usr/java5/jre/bin
PATH: /usr/java5/bin
PATH: /usr/vacpp/bin
PATH: /usr/local/bin
PATH: /usr/lpp/LoadL/full/bin
PATH: /usr/lpp/ppe.poe/bin
PATH: /usr/lpp/mmfs/bin
PATH: /opt/freeware/bin


## ----------- ##
## Core tests. ##
## ----------- ##

configure:2110: checking for a BSD-compatible install
configure:2178: result: /opt/freeware/bin/install -c
configure:2189: checking whether build environment is sane
configure:2239: result: yes
configure:2380: checking for a thread-safe mkdir -p
configure:2419: result: /opt/freeware/bin/mkdir -p
configure:2432: checking for gawk
configure:2448: found /usr/bin/gawk
configure:2459: result: gawk
configure:2470: checking whether make sets $(MAKE)
configure:2492: result: yes
configure:2625: checking for gcc
configure:2652: result: mpCC
configure:2881: checking for C compiler version
configure:2890: mpCC --version >&5
xlC_r: 1501-216 (W) command option --version is not recognized - passed to ld
xlC_r: 1501-245 (W) Warning: Hard ulimit has been reduced to less than RLIM_INFINITY.  There may not be enough space to complete the compilation.
ld: 0706-012 The -- flag is not recognized.
configure:2901: $? = 255
configure:2890: mpCC -v >&5
exec: export(export,XL_CONFIG=/etc/vac.cfg.61:xlC_r,NULL) 
exec: /bin/ld(ld,-b64,/lib/crt0_64.o,/lib/crti_64.o,-bpT:0x100000000,-bpD:0x110000000,-binitfini:poe_remote_main,-lmpi_r,-lvtd_r,-llapi_r,-lpthreads,-L/usr/lpp/ppe.poe/lib/threads,-L/usr/lpp/ppe.poe/lib,-L/usr/lpp/ppe.poe/lib/ip,-bcdtors:all:0:s,-L/usr/vac/lib,-lxlopt,-lxl,-L/usr/vacpp/lib,-lC,-lpthreads,-lm,-lc,NULL)  |
exec: /usr/vacpp/bin/c++filt(c++filt,-S,NULL) |
exec: /bin/sed(sed,/317.*::virtual-fn-table-ptr$/ s/^\(.*: \)*{*\([^}]*\)\(}*.*\)::virtual-fn-table-ptr$/\1Virtual table for class "\2": first non-inline virtual function in "\2" is not defined./,NULL) 
unlink: /gpfs/scratch/tmpdir/xlcW0NFei7a
unlink: /gpfs/scratch/tmpdir/xlcW1NFei7b
unlink: /gpfs/scratch/tmpdir/xlcW2NFei7c
xlC_r: 1501-245 (W) Warning: Hard ulimit has been reduced to less than RLIM_INFINITY.  There may not be enough space to complete the compilation.
ld: 0711-317 ERROR: Undefined symbol: .main
ld: 0711-345 Use the -bloadmap or -bnoquiet option to obtain more information.
configure:2901: $? = 8
configure:2890: mpCC -V >&5
export XL_CONFIG=/etc/vac.cfg.61:xlC_r 
/bin/ld -b64 /lib/crt0_64.o /lib/crti_64.o -bpT:0x100000000 -bpD:0x110000000 -binitfini:poe_remote_main -lmpi_r -lvtd_r -llapi_r -lpthreads -L/usr/lpp/ppe.poe/lib/threads -L/usr/lpp/ppe.poe/lib -L/usr/lpp/ppe.poe/lib/ip -bcdtors:all:0:s -L/usr/vac/lib -lxlopt -lxl -L/usr/vacpp/lib -lC -lpthreads -lm -lc  |
/usr/vacpp/bin/c++filt -S |
/bin/sed '/317.*::virtual-fn-table-ptr$/ s/^\(.*: \)*{*\([^}]*\)\(}*.*\)::virtual-fn-table-ptr$/\1Virtual table for class "\2": first non-inline virtual function in "\2" is not defined./' 
rm /gpfs/scratch/tmpdir/xlcW0P-yb7a
rm /gpfs/scratch/tmpdir/xlcW1P-yb7b
rm /gpfs/scratch/tmpdir/xlcW2P-yb7c
xlC_r: 1501-245 (W) Warning: Hard ulimit has been reduced to less than RLIM_INFINITY.  There may not be enough space to complete the compilation.
ld: 0711-317 ERROR: Undefined symbol: .main
ld: 0711-345 Use the -bloadmap or -bnoquiet option to obtain more information.
configure:2901: $? = 8
configure:2890: mpCC -qversion >&5
IBM XL C/C++ for AIX, V10.1
Version: 10.01.0000.0003
configure:2901: $? = 0
configure:2923: checking for C compiler default output file name
configure:2945: mpCC -qcpluscmt   conftest.c  >&5
xlC_r: 1501-245 (W) Warning: Hard ulimit has been reduced to less than RLIM_INFINITY.  There may not be enough space to complete the compilation.
configure:2949: $? = 0
configure:2986: result: a.out
configure:3002: checking whether the C compiler works
configure:3011: ./a.out
llsubmit: Processed command file through Submit Filter: "/cineca/usr/loadl/deisa/exits/pre_filter.pl".

configure:3015: $? = 0
configure:3030: result: yes
configure:3037: checking whether we are cross compiling
configure:3039: result: no
configure:3042: checking for suffix of executables
configure:3049: mpCC -o conftest -qcpluscmt   conftest.c  >&5
xlC_r: 1501-245 (W) Warning: Hard ulimit has been reduced to less than RLIM_INFINITY.  There may not be enough space to complete the compilation.
configure:3053: $? = 0
configure:3075: result: 
configure:3081: checking for suffix of object files
configure:3103: mpCC -c -qcpluscmt  conftest.c >&5
xlC_r: 1501-245 (W) Warning: Hard ulimit has been reduced to less than RLIM_INFINITY.  There may not be enough space to complete the compilation.
configure:3107: $? = 0
configure:3128: result: o
configure:3132: checking whether we are using the GNU C compiler
configure:3151: mpCC -c -qcpluscmt  conftest.c >&5
xlC_r: 1501-245 (W) Warning: Hard ulimit has been reduced to less than RLIM_INFINITY.  There may not be enough space to complete the compilation.
"conftest.c", line 16.14: 1506-275 (S) Unexpected text me encountered.
"conftest.c", line 16.8: 1506-045 (S) Undeclared identifier choke.
configure:3151: $? = 1
configure: failed program was:
| /* confdefs.h */
| #define PACKAGE_NAME "mpiio"
| #define PACKAGE_TARNAME "mpiio"
| #define PACKAGE_VERSION "0.01"
| #define PACKAGE_STRING "mpiio 0.01"
| #define PACKAGE_BUGREPORT "g.marras@cineca.it"
| #define PACKAGE_URL ""
| #define PACKAGE "mpiio"
| #define VERSION "0.01"
| /* end confdefs.h.  */
| 
| int
| main ()
| {
| #ifndef __GNUC__
|        choke me
| #endif
| 
|   ;
|   return 0;
| }
configure:3160: result: no
configure:3169: checking whether mpCC accepts -g
configure:3189: mpCC -c -g  conftest.c >&5
xlC_r: 1501-245 (W) Warning: Hard ulimit has been reduced to less than RLIM_INFINITY.  There may not be enough space to complete the compilation.
configure:3189: $? = 0
configure: failed program was:
| /* confdefs.h */
| #define PACKAGE_NAME "mpiio"
| #define PACKAGE_TARNAME "mpiio"
| #define PACKAGE_VERSION "0.01"
| #define PACKAGE_STRING "mpiio 0.01"
| #define PACKAGE_BUGREPORT "g.marras@cineca.it"
| #define PACKAGE_URL ""
| #define PACKAGE "mpiio"
| #define VERSION "0.01"
| /* end confdefs.h.  */
| 
| int
| main ()
| {
| 
|   ;
|   return 0;
| }
configure:3204: mpCC -c   conftest.c >&5
xlC_r: 1501-245 (W) Warning: Hard ulimit has been reduced to less than RLIM_INFINITY.  There may not be enough space to complete the compilation.
configure:3204: $? = 0
configure: failed program was:
| /* confdefs.h */
| #define PACKAGE_NAME "mpiio"
| #define PACKAGE_TARNAME "mpiio"
| #define PACKAGE_VERSION "0.01"
| #define PACKAGE_STRING "mpiio 0.01"
| #define PACKAGE_BUGREPORT "g.marras@cineca.it"
| #define PACKAGE_URL ""
| #define PACKAGE "mpiio"
| #define VERSION "0.01"
| /* end confdefs.h.  */
| 
| int
| main ()
| {
| 
|   ;
|   return 0;
| }
configure:3220: mpCC -c -g  conftest.c >&5
xlC_r: 1501-245 (W) Warning: Hard ulimit has been reduced to less than RLIM_INFINITY.  There may not be enough space to complete the compilation.
configure:3220: $? = 0
configure:3230: result: yes
configure:3247: checking for mpCC option to accept ISO C89
configure:3311: mpCC  -c -qcpluscmt  conftest.c >&5
xlC_r: 1501-245 (W) Warning: Hard ulimit has been reduced to less than RLIM_INFINITY.  There may not be enough space to complete the compilation.
configure:3311: $? = 0
configure:3324: result: none needed
configure:3355: checking for style of include used by make
configure:3383: result: GNU
configure:3408: checking dependency style of mpCC
configure:3518: result: aix
configure:3603: =====================
configure:3605: ENABLE SERIAL VERSION
configure:3607: =====================
configure:4397: =====================
configure:4399: ENABLE DARRAY + WRITE VERSION
configure:4401: =====================
configure:4411: checking for mpicc
configure:4441: result: no
configure:4411: checking for hcc
configure:4441: result: no
configure:4411: checking for mpxlc_r
configure:4441: result: no
configure:4411: checking for mpxlc
configure:4441: result: no
configure:4411: checking for mpcc
configure:4427: found /usr/bin/mpcc
configure:4438: result: mpcc
configure:4472: checking for mpic++
configure:4502: result: no
configure:4472: checking for mpicxx
configure:4502: result: no
configure:4472: checking for mpiCC
configure:4502: result: no
configure:4472: checking for hcp
configure:4502: result: no
configure:4472: checking for mpxlC_r
configure:4502: result: no
configure:4472: checking for mpxlC
configure:4502: result: no
configure:4472: checking for mpCC
configure:4488: found /usr/bin/mpCC
configure:4499: result: mpCC
configure:4533: checking for mpif77
configure:4563: result: no
configure:4533: checking for hf77
configure:4563: result: no
configure:4533: checking for mpxlf_r
configure:4549: found /usr/bin/mpxlf_r
configure:4560: result: mpxlf_r
configure:4594: checking for mpif90
configure:4624: result: no
configure:4594: checking for mpxlf95_r
configure:4610: found /usr/bin/mpxlf95_r
configure:4621: result: mpxlf95_r
configure:4656: =====================
configure:4658: ENABLE MPI VERSION
configure:4660: =====================
configure:4750: checking for ranlib
configure:4766: found /usr/bin/ranlib
configure:4777: result: ranlib
configure:4804: checking for main in -lm
configure:4823: mpcc -o conftest -qcpluscmt   conftest.c -lm   >&5
cc_r: 1501-245 (W) Warning: Hard ulimit has been reduced to less than RLIM_INFINITY.  There may not be enough space to complete the compilation.
configure:4823: $? = 0
configure:4832: result: yes
configure:4850: checking how to run the C preprocessor
configure:4881: mpcc -E  conftest.c
cc_r: 1501-245 (W) Warning: Hard ulimit has been reduced to less than RLIM_INFINITY.  There may not be enough space to complete the compilation.
configure:4881: $? = 0
configure:4895: mpcc -E  conftest.c
cc_r: 1501-245 (W) Warning: Hard ulimit has been reduced to less than RLIM_INFINITY.  There may not be enough space to complete the compilation.
"conftest.c", line 12.10: 1506-296 (S) #include file <ac_nonexistent.h> not found.
configure:4895: $? = 1
configure: failed program was:
| /* confdefs.h */
| #define PACKAGE_NAME "mpiio"
| #define PACKAGE_TARNAME "mpiio"
| #define PACKAGE_VERSION "0.01"
| #define PACKAGE_STRING "mpiio 0.01"
| #define PACKAGE_BUGREPORT "g.marras@cineca.it"
| #define PACKAGE_URL ""
| #define PACKAGE "mpiio"
| #define VERSION "0.01"
| #define HAVE_LIBM 1
| /* end confdefs.h.  */
| #include <ac_nonexistent.h>
configure:4920: result: mpcc -E
configure:4940: mpcc -E  conftest.c
cc_r: 1501-245 (W) Warning: Hard ulimit has been reduced to less than RLIM_INFINITY.  There may not be enough space to complete the compilation.
configure:4940: $? = 0
configure:4954: mpcc -E  conftest.c
cc_r: 1501-245 (W) Warning: Hard ulimit has been reduced to less than RLIM_INFINITY.  There may not be enough space to complete the compilation.
"conftest.c", line 12.10: 1506-296 (S) #include file <ac_nonexistent.h> not found.
configure:4954: $? = 1
configure: failed program was:
| /* confdefs.h */
| #define PACKAGE_NAME "mpiio"
| #define PACKAGE_TARNAME "mpiio"
| #define PACKAGE_VERSION "0.01"
| #define PACKAGE_STRING "mpiio 0.01"
| #define PACKAGE_BUGREPORT "g.marras@cineca.it"
| #define PACKAGE_URL ""
| #define PACKAGE "mpiio"
| #define VERSION "0.01"
| #define HAVE_LIBM 1
| /* end confdefs.h.  */
| #include <ac_nonexistent.h>
configure:4983: checking for grep that handles long lines and -e
configure:5041: result: /opt/freeware/bin/grep
configure:5046: checking for egrep
configure:5108: result: /opt/freeware/bin/grep -E
configure:5113: checking for ANSI C header files
configure:5133: mpcc -c -qcpluscmt  conftest.c >&5
cc_r: 1501-245 (W) Warning: Hard ulimit has been reduced to less than RLIM_INFINITY.  There may not be enough space to complete the compilation.
configure:5133: $? = 0
cc_r: 1501-245 (W) Warning: Hard ulimit has been reduced to less than RLIM_INFINITY.  There may not be enough space to complete the compilation.
cc_r: 1501-245 (W) Warning: Hard ulimit has been reduced to less than RLIM_INFINITY.  There may not be enough space to complete the compilation.
configure:5206: mpcc -o conftest -qcpluscmt   conftest.c -lm  >&5
cc_r: 1501-245 (W) Warning: Hard ulimit has been reduced to less than RLIM_INFINITY.  There may not be enough space to complete the compilation.
configure:5206: $? = 0
configure:5206: ./conftest
llsubmit: Processed command file through Submit Filter: "/cineca/usr/loadl/deisa/exits/pre_filter.pl".

configure:5206: $? = 0
configure:5217: result: yes
configure:5230: checking for sys/types.h
configure:5230: mpcc -c -qcpluscmt  conftest.c >&5
cc_r: 1501-245 (W) Warning: Hard ulimit has been reduced to less than RLIM_INFINITY.  There may not be enough space to complete the compilation.
configure:5230: $? = 0
configure:5230: result: yes
configure:5230: checking for sys/stat.h
configure:5230: mpcc -c -qcpluscmt  conftest.c >&5
cc_r: 1501-245 (W) Warning: Hard ulimit has been reduced to less than RLIM_INFINITY.  There may not be enough space to complete the compilation.
configure:5230: $? = 0
configure:5230: result: yes
configure:5230: checking for stdlib.h
configure:5230: mpcc -c -qcpluscmt  conftest.c >&5
cc_r: 1501-245 (W) Warning: Hard ulimit has been reduced to less than RLIM_INFINITY.  There may not be enough space to complete the compilation.
configure:5230: $? = 0
configure:5230: result: yes
configure:5230: checking for string.h
configure:5230: mpcc -c -qcpluscmt  conftest.c >&5
cc_r: 1501-245 (W) Warning: Hard ulimit has been reduced to less than RLIM_INFINITY.  There may not be enough space to complete the compilation.
configure:5230: $? = 0
configure:5230: result: yes
configure:5230: checking for memory.h
configure:5230: mpcc -c -qcpluscmt  conftest.c >&5
cc_r: 1501-245 (W) Warning: Hard ulimit has been reduced to less than RLIM_INFINITY.  There may not be enough space to complete the compilation.
configure:5230: $? = 0
configure:5230: result: yes
configure:5230: checking for strings.h
configure:5230: mpcc -c -qcpluscmt  conftest.c >&5
cc_r: 1501-245 (W) Warning: Hard ulimit has been reduced to less than RLIM_INFINITY.  There may not be enough space to complete the compilation.
configure:5230: $? = 0
configure:5230: result: yes
configure:5230: checking for inttypes.h
configure:5230: mpcc -c -qcpluscmt  conftest.c >&5
cc_r: 1501-245 (W) Warning: Hard ulimit has been reduced to less than RLIM_INFINITY.  There may not be enough space to complete the compilation.
configure:5230: $? = 0
configure:5230: result: yes
configure:5230: checking for stdint.h
configure:5230: mpcc -c -qcpluscmt  conftest.c >&5
cc_r: 1501-245 (W) Warning: Hard ulimit has been reduced to less than RLIM_INFINITY.  There may not be enough space to complete the compilation.
configure:5230: $? = 0
configure:5230: result: yes
configure:5230: checking for unistd.h
configure:5230: mpcc -c -qcpluscmt  conftest.c >&5
cc_r: 1501-245 (W) Warning: Hard ulimit has been reduced to less than RLIM_INFINITY.  There may not be enough space to complete the compilation.
configure:5230: $? = 0
configure:5230: result: yes
configure:5246: checking for stdlib.h
configure:5246: result: yes
configure:5246: checking for string.h
configure:5246: result: yes
configure:5263: checking for stdlib.h
configure:5263: result: yes
configure:5273: checking for GNU libc compatible malloc
configure:5297: mpcc -o conftest -qcpluscmt   conftest.c -lm  >&5
cc_r: 1501-245 (W) Warning: Hard ulimit has been reduced to less than RLIM_INFINITY.  There may not be enough space to complete the compilation.
configure:5297: $? = 0
configure:5297: ./conftest
llsubmit: Processed command file through Submit Filter: "/cineca/usr/loadl/deisa/exits/pre_filter.pl".

configure:5297: $? = 1
configure: program exited with status 1
configure: failed program was:
| /* confdefs.h */
| #define PACKAGE_NAME "mpiio"
| #define PACKAGE_TARNAME "mpiio"
| #define PACKAGE_VERSION "0.01"
| #define PACKAGE_STRING "mpiio 0.01"
| #define PACKAGE_BUGREPORT "g.marras@cineca.it"
| #define PACKAGE_URL ""
| #define PACKAGE "mpiio"
| #define VERSION "0.01"
| #define HAVE_LIBM 1
| #define STDC_HEADERS 1
| #define HAVE_SYS_TYPES_H 1
| #define HAVE_SYS_STAT_H 1
| #define HAVE_STDLIB_H 1
| #define HAVE_STRING_H 1
| #define HAVE_MEMORY_H 1
| #define HAVE_STRINGS_H 1
| #define HAVE_INTTYPES_H 1
| #define HAVE_STDINT_H 1
| #define HAVE_UNISTD_H 1
| #define HAVE_STDLIB_H 1
| #define HAVE_STRING_H 1
| #define HAVE_STDLIB_H 1
| /* end confdefs.h.  */
| #if defined STDC_HEADERS || defined HAVE_STDLIB_H
| # include <stdlib.h>
| #else
| char *malloc ();
| #endif
| 
| int
| main ()
| {
| return ! malloc (0);
|   ;
|   return 0;
| }
configure:5307: result: no
configure:5481: creating ./config.status

## ---------------------- ##
## Running config.status. ##
## ---------------------- ##

This file was extended by mpiio config.status 0.01, which was
generated by GNU Autoconf 2.64.  Invocation command line was

  CONFIG_FILES    = 
  CONFIG_HEADERS  = 
  CONFIG_LINKS    = 
  CONFIG_COMMANDS = 
  $ ./config.status 

on sp0201

config.status:872: creating Makefile
config.status:872: creating config.h
config.status:1092: executing depfiles commands

## ---------------- ##
## Cache variables. ##
## ---------------- ##

ac_cv_c_compiler_gnu=no
ac_cv_env_CC_set=set
ac_cv_env_CC_value=mpCC
ac_cv_env_CFLAGS_set=set
ac_cv_env_CFLAGS_value=-qcpluscmt
ac_cv_env_CPPFLAGS_set=''
ac_cv_env_CPPFLAGS_value=''
ac_cv_env_CPP_set=''
ac_cv_env_CPP_value=''
ac_cv_env_LDFLAGS_set=''
ac_cv_env_LDFLAGS_value=''
ac_cv_env_LIBS_set=''
ac_cv_env_LIBS_value=''
ac_cv_env_MPICC_set=''
ac_cv_env_MPICC_value=''
ac_cv_env_MPICXX_set=''
ac_cv_env_MPICXX_value=''
ac_cv_env_MPIF77_set=''
ac_cv_env_MPIF77_value=''
ac_cv_env_MPIFC_set=''
ac_cv_env_MPIFC_value=''
ac_cv_env_build_alias_set=''
ac_cv_env_build_alias_value=''
ac_cv_env_host_alias_set=''
ac_cv_env_host_alias_value=''
ac_cv_env_target_alias_set=''
ac_cv_env_target_alias_value=''
ac_cv_func_malloc_0_nonnull=no
ac_cv_header_inttypes_h=yes
ac_cv_header_memory_h=yes
ac_cv_header_stdc=yes
ac_cv_header_stdint_h=yes
ac_cv_header_stdlib_h=yes
ac_cv_header_string_h=yes
ac_cv_header_strings_h=yes
ac_cv_header_sys_stat_h=yes
ac_cv_header_sys_types_h=yes
ac_cv_header_unistd_h=yes
ac_cv_lib_m_main=yes
ac_cv_objext=o
ac_cv_path_EGREP='/opt/freeware/bin/grep -E'
ac_cv_path_GREP=/opt/freeware/bin/grep
ac_cv_path_install='/opt/freeware/bin/install -c'
ac_cv_path_mkdir=/opt/freeware/bin/mkdir
ac_cv_prog_AWK=gawk
ac_cv_prog_CPP='mpcc -E'
ac_cv_prog_MPICC=mpcc
ac_cv_prog_MPICXX=mpCC
ac_cv_prog_MPIF77=mpxlf_r
ac_cv_prog_MPIFC=mpxlf95_r
ac_cv_prog_ac_ct_CC=mpCC
ac_cv_prog_ac_ct_RANLIB=ranlib
ac_cv_prog_cc_c89=''
ac_cv_prog_cc_g=yes
ac_cv_prog_make_make_set=yes
am_cv_CC_dependencies_compiler_type=aix

## ----------------- ##
## Output variables. ##
## ----------------- ##

ACLOCAL='${SHELL} /sp6/usercin/cin0554a/mpiio-0.01/missing --run aclocal-1.11'
AMDEPBACKSLASH='\'
AMDEP_FALSE='#'
AMDEP_TRUE=''
AMTAR='${SHELL} /sp6/usercin/cin0554a/mpiio-0.01/missing --run tar'
AUTOCONF='${SHELL} /sp6/usercin/cin0554a/mpiio-0.01/missing --run autoconf'
AUTOHEADER='${SHELL} /sp6/usercin/cin0554a/mpiio-0.01/missing --run autoheader'
AUTOMAKE='${SHELL} /sp6/usercin/cin0554a/mpiio-0.01/missing --run automake-1.11'
AWK='gawk'
CC='mpcc'
CCDEPMODE='depmode=aix'
CFLAGS='-qcpluscmt'
CPP='mpcc -E'
CPPFLAGS=''
CYGPATH_W='echo'
DARRAY_WR_FALSE='#'
DARRAY_WR_TRUE=''
DEBUG_FALSE=''
DEBUG_TRUE='#'
DEFS='-DHAVE_CONFIG_H'
DEPDIR='.deps'
ECHO_C='\c'
ECHO_N=''
ECHO_T=''
EGREP='/opt/freeware/bin/grep -E'
EXEEXT=''
GREP='/opt/freeware/bin/grep'
INSTALL_DATA='${INSTALL} -m 644'
INSTALL_PROGRAM='${INSTALL}'
INSTALL_SCRIPT='${INSTALL}'
INSTALL_STRIP_PROGRAM='$(install_sh) -c -s'
LDFLAGS=''
LIBOBJS=' ${LIBOBJDIR}malloc$U.o'
LIBS='-lm '
LTLIBOBJS=' ${LIBOBJDIR}malloc$U.lo'
MAKEINFO='${SHELL} /sp6/usercin/cin0554a/mpiio-0.01/missing --run makeinfo'
MKDIR_P='/opt/freeware/bin/mkdir -p'
MPICC='mpcc'
MPICXX='mpCC'
MPIF77='mpxlf_r'
MPIFC='mpxlf95_r'
MPI_FALSE='#'
MPI_TRUE=''
OBJEXT='o'
PACKAGE='mpiio'
PACKAGE_BUGREPORT='g.marras@cineca.it'
PACKAGE_NAME='mpiio'
PACKAGE_STRING='mpiio 0.01'
PACKAGE_TARNAME='mpiio'
PACKAGE_URL=''
PACKAGE_VERSION='0.01'
PATH_SEPARATOR=':'
RANLIB='ranlib'
SEEK_WR_FALSE=''
SEEK_WR_TRUE='#'
SERIAL_FALSE='#'
SERIAL_TRUE=''
SETV_WR_FALSE=''
SETV_WR_TRUE='#'
SET_MAKE=''
SHELL='/bin/sh'
STRIP=''
VERSION='0.01'
WR_AT_FALSE=''
WR_AT_TRUE='#'
ac_ct_CC='mpCC'
am__EXEEXT_FALSE=''
am__EXEEXT_TRUE='#'
am__fastdepCC_FALSE=''
am__fastdepCC_TRUE='#'
am__include='include'
am__isrc=''
am__leading_dot='.'
am__quote=''
am__tar='${AMTAR} chof - "$$tardir"'
am__untar='${AMTAR} xf -'
bindir='${exec_prefix}/bin'
build_alias=''
datadir='${datarootdir}'
datarootdir='${prefix}/share'
docdir='${datarootdir}/doc/${PACKAGE_TARNAME}'
dvidir='${docdir}'
exec_prefix='${prefix}'
host_alias=''
htmldir='${docdir}'
includedir='${prefix}/include'
infodir='${datarootdir}/info'
install_sh='${SHELL} /sp6/usercin/cin0554a/mpiio-0.01/install-sh'
libdir='${exec_prefix}/lib'
libexecdir='${exec_prefix}/libexec'
localedir='${datarootdir}/locale'
localstatedir='${prefix}/var'
mandir='${datarootdir}/man'
mkdir_p='/opt/freeware/bin/mkdir -p'
oldincludedir='/usr/include'
pdfdir='${docdir}'
prefix='/sp6/usercin/cin0554a/mpiio-0.01'
program_transform_name='s,x,x,'
psdir='${docdir}'
pwd='/sp6/usercin/cin0554a/mpiio-0.01'
sbindir='${exec_prefix}/sbin'
sharedstatedir='${prefix}/com'
sysconfdir='${prefix}/etc'
target_alias=''

## ----------- ##
## confdefs.h. ##
## ----------- ##

/* confdefs.h */
#define PACKAGE_NAME "mpiio"
#define PACKAGE_TARNAME "mpiio"
#define PACKAGE_VERSION "0.01"
#define PACKAGE_STRING "mpiio 0.01"
#define PACKAGE_BUGREPORT "g.marras@cineca.it"
#define PACKAGE_URL ""
#define PACKAGE "mpiio"
#define VERSION "0.01"
#define HAVE_LIBM 1
#define STDC_HEADERS 1
#define HAVE_SYS_TYPES_H 1
#define HAVE_SYS_STAT_H 1
#define HAVE_STDLIB_H 1
#define HAVE_STRING_H 1
#define HAVE_MEMORY_H 1
#define HAVE_STRINGS_H 1
#define HAVE_INTTYPES_H 1
#define HAVE_STDINT_H 1
#define HAVE_UNISTD_H 1
#define HAVE_STDLIB_H 1
#define HAVE_STRING_H 1
#define HAVE_STDLIB_H 1
#define HAVE_MALLOC 0
#define malloc rpl_malloc

configure: exit 0

## ---------------------- ##
## Running config.status. ##
## ---------------------- ##

This file was extended by mpiio config.status 0.01, which was
generated by GNU Autoconf 2.64.  Invocation command line was

  CONFIG_FILES    = 
  CONFIG_HEADERS  = 
  CONFIG_LINKS    = 
  CONFIG_COMMANDS = 
  $ ./config.status Makefile depfiles

on sp0201

config.status:872: creating Makefile
config.status:1092: executing depfiles commands

## ---------------------- ##
## Running config.status. ##
## ---------------------- ##

This file was extended by mpiio config.status 0.01, which was
generated by GNU Autoconf 2.64.  Invocation command line was

  CONFIG_FILES    = 
  CONFIG_HEADERS  = 
  CONFIG_LINKS    = 
  CONFIG_COMMANDS = 
  $ ./config.status Makefile depfiles

on sp0201

config.status:872: creating Makefile
config.status:1092: executing depfiles commands

## ---------------------- ##
## Running config.status. ##
## ---------------------- ##

This file was extended by mpiio config.status 0.01, which was
generated by GNU Autoconf 2.64.  Invocation command line was

  CONFIG_FILES    = 
  CONFIG_HEADERS  = 
  CONFIG_LINKS    = 
  CONFIG_COMMANDS = 
  $ ./config.status Makefile depfiles

on sp0201

config.status:872: creating Makefile
config.status:1092: executing depfiles commands

## ---------------------- ##
## Running config.status. ##
## ---------------------- ##

This file was extended by mpiio config.status 0.01, which was
generated by GNU Autoconf 2.64.  Invocation command line was

  CONFIG_FILES    = 
  CONFIG_HEADERS  = 
  CONFIG_LINKS    = 
  CONFIG_COMMANDS = 
  $ ./config.status Makefile depfiles

on sp0201

config.status:872: creating Makefile
config.status:1092: executing depfiles commands

## ---------------------- ##
## Running config.status. ##
## ---------------------- ##

This file was extended by mpiio config.status 0.01, which was
generated by GNU Autoconf 2.64.  Invocation command line was

  CONFIG_FILES    = 
  CONFIG_HEADERS  = 
  CONFIG_LINKS    = 
  CONFIG_COMMANDS = 
  $ ./config.status Makefile depfiles

on sp0201

config.status:872: creating Makefile
config.status:1092: executing depfiles commands

## ---------------------- ##
## Running config.status. ##
## ---------------------- ##

This file was extended by mpiio config.status 0.01, which was
generated by GNU Autoconf 2.64.  Invocation command line was

  CONFIG_FILES    = 
  CONFIG_HEADERS  = 
  CONFIG_LINKS    = 
  CONFIG_COMMANDS = 
  $ ./config.status Makefile depfiles

on sp0201

config.status:872: creating Makefile
config.status:1092: executing depfiles commands
