This file contains any messages produced by compilers while
running configure, to aid debugging if configure makes a mistake.

It was created by mpiio configure 1.0, which was
generated by GNU Autoconf 2.64.  Invocation command line was

  $ ./configure CC=mpCC_r --no-create --no-recursion

## --------- ##
## Platform. ##
## --------- ##

hostname = sp0201
uname -m = 00C3E6444C00
uname -r = 1
uname -s = AIX
uname -v = 6

/usr/bin/uname -p = powerpc
/bin/uname -X     = unknown

/bin/arch              = unknown
/usr/bin/arch -k       = unknown
/usr/convex/getsysinfo = unknown
/usr/bin/hostinfo      = unknown
/bin/machine           = unknown
/usr/bin/oslevel       = 6.1.2.0
/bin/universe          = unknown

PATH: /cineca/bin
PATH: /usr/bin
PATH: /etc
PATH: /usr/sbin
PATH: /usr/ucb
PATH: /usr/bin/X11
PATH: /sbin
PATH: /usr/java5/jre/bin
PATH: /usr/java5/bin
PATH: /usr/vacpp/bin
PATH: /usr/local/bin
PATH: /usr/lpp/LoadL/full/bin
PATH: /usr/lpp/ppe.poe/bin
PATH: /usr/lpp/mmfs/bin
PATH: /opt/freeware/bin


## ----------- ##
## Core tests. ##
## ----------- ##

configure:2100: checking for a BSD-compatible install
configure:2168: result: /opt/freeware/bin/install -c
configure:2179: checking whether build environment is sane
configure:2229: result: yes
configure:2370: checking for a thread-safe mkdir -p
configure:2409: result: /opt/freeware/bin/mkdir -p
configure:2422: checking for gawk
configure:2438: found /usr/bin/gawk
configure:2449: result: gawk
configure:2460: checking whether make sets $(MAKE)
configure:2482: result: yes
configure:2615: checking for gcc
configure:2642: result: mpCC_r
configure:2871: checking for C compiler version
configure:2880: mpCC_r --version >&5
xlC_r: 1501-216 (W) command option --version is not recognized - passed to ld
xlC_r: 1501-245 (W) Warning: Hard ulimit has been reduced to less than RLIM_INFINITY.  There may not be enough space to complete the compilation.
ld: 0706-012 The -- flag is not recognized.
configure:2891: $? = 255
configure:2880: mpCC_r -v >&5
exec: export(export,XL_CONFIG=/etc/vac.cfg.61:xlC_r,NULL) 
exec: /bin/ld(ld,-b64,/lib/crt0_64.o,/lib/crti_64.o,-bpT:0x100000000,-bpD:0x110000000,-binitfini:poe_remote_main,-lmpi_r,-lvtd_r,-llapi_r,-lpthreads,-L/usr/lpp/ppe.poe/lib/threads,-L/usr/lpp/ppe.poe/lib,-L/usr/lpp/ppe.poe/lib/ip,-bcdtors:all:0:s,-L/usr/vac/lib,-lxlopt,-lxl,-L/usr/vacpp/lib,-lC,-lpthreads,-lm,-lc,NULL)  |
exec: /usr/vacpp/bin/c++filt(c++filt,-S,NULL) |
exec: /bin/sed(sed,/317.*::virtual-fn-table-ptr$/ s/^\(.*: \)*{*\([^}]*\)\(}*.*\)::virtual-fn-table-ptr$/\1Virtual table for class "\2": first non-inline virtual function in "\2" is not defined./,NULL) 
unlink: /gpfs/scratch/tmpdir/xlcW0I-QiUa
unlink: /gpfs/scratch/tmpdir/xlcW1I-QiUb
unlink: /gpfs/scratch/tmpdir/xlcW2I-QiUc
xlC_r: 1501-245 (W) Warning: Hard ulimit has been reduced to less than RLIM_INFINITY.  There may not be enough space to complete the compilation.
ld: 0711-317 ERROR: Undefined symbol: .main
ld: 0711-345 Use the -bloadmap or -bnoquiet option to obtain more information.
configure:2891: $? = 8
configure:2880: mpCC_r -V >&5
export XL_CONFIG=/etc/vac.cfg.61:xlC_r 
/bin/ld -b64 /lib/crt0_64.o /lib/crti_64.o -bpT:0x100000000 -bpD:0x110000000 -binitfini:poe_remote_main -lmpi_r -lvtd_r -llapi_r -lpthreads -L/usr/lpp/ppe.poe/lib/threads -L/usr/lpp/ppe.poe/lib -L/usr/lpp/ppe.poe/lib/ip -bcdtors:all:0:s -L/usr/vac/lib -lxlopt -lxl -L/usr/vacpp/lib -lC -lpthreads -lm -lc  |
/usr/vacpp/bin/c++filt -S |
/bin/sed '/317.*::virtual-fn-table-ptr$/ s/^\(.*: \)*{*\([^}]*\)\(}*.*\)::virtual-fn-table-ptr$/\1Virtual table for class "\2": first non-inline virtual function in "\2" is not defined./' 
rm /gpfs/scratch/tmpdir/xlcW0K-Ah7a
rm /gpfs/scratch/tmpdir/xlcW1K-Ah7b
rm /gpfs/scratch/tmpdir/xlcW2K-Ah7c
xlC_r: 1501-245 (W) Warning: Hard ulimit has been reduced to less than RLIM_INFINITY.  There may not be enough space to complete the compilation.
ld: 0711-317 ERROR: Undefined symbol: .main
ld: 0711-345 Use the -bloadmap or -bnoquiet option to obtain more information.
configure:2891: $? = 8
configure:2880: mpCC_r -qversion >&5
IBM XL C/C++ for AIX, V10.1
Version: 10.01.0000.0003
configure:2891: $? = 0
configure:2913: checking for C compiler default output file name
configure:2935: mpCC_r    conftest.c  >&5
xlC_r: 1501-245 (W) Warning: Hard ulimit has been reduced to less than RLIM_INFINITY.  There may not be enough space to complete the compilation.
configure:2939: $? = 0
configure:2976: result: a.out
configure:2992: checking whether the C compiler works
configure:3001: ./a.out
llsubmit: Processed command file through Submit Filter: "/cineca/usr/loadl/deisa/exits/pre_filter.pl".

configure:3005: $? = 0
configure:3020: result: yes
configure:3027: checking whether we are cross compiling
configure:3029: result: no
configure:3032: checking for suffix of executables
configure:3039: mpCC_r -o conftest    conftest.c  >&5
xlC_r: 1501-245 (W) Warning: Hard ulimit has been reduced to less than RLIM_INFINITY.  There may not be enough space to complete the compilation.
configure:3043: $? = 0
configure:3065: result: 
configure:3071: checking for suffix of object files
configure:3093: mpCC_r -c   conftest.c >&5
xlC_r: 1501-245 (W) Warning: Hard ulimit has been reduced to less than RLIM_INFINITY.  There may not be enough space to complete the compilation.
configure:3097: $? = 0
configure:3118: result: o
configure:3122: checking whether we are using the GNU C compiler
configure:3141: mpCC_r -c   conftest.c >&5
xlC_r: 1501-245 (W) Warning: Hard ulimit has been reduced to less than RLIM_INFINITY.  There may not be enough space to complete the compilation.
"conftest.c", line 16.14: 1506-275 (S) Unexpected text me encountered.
"conftest.c", line 16.8: 1506-045 (S) Undeclared identifier choke.
configure:3141: $? = 1
configure: failed program was:
| /* confdefs.h */
| #define PACKAGE_NAME "mpiio"
| #define PACKAGE_TARNAME "mpiio"
| #define PACKAGE_VERSION "1.0"
| #define PACKAGE_STRING "mpiio 1.0"
| #define PACKAGE_BUGREPORT "g.marras@cineca.it"
| #define PACKAGE_URL ""
| #define PACKAGE "mpiio"
| #define VERSION "1.0"
| /* end confdefs.h.  */
| 
| int
| main ()
| {
| #ifndef __GNUC__
|        choke me
| #endif
| 
|   ;
|   return 0;
| }
configure:3150: result: no
configure:3159: checking whether mpCC_r accepts -g
configure:3179: mpCC_r -c -g  conftest.c >&5
xlC_r: 1501-245 (W) Warning: Hard ulimit has been reduced to less than RLIM_INFINITY.  There may not be enough space to complete the compilation.
configure:3179: $? = 0
configure: failed program was:
| /* confdefs.h */
| #define PACKAGE_NAME "mpiio"
| #define PACKAGE_TARNAME "mpiio"
| #define PACKAGE_VERSION "1.0"
| #define PACKAGE_STRING "mpiio 1.0"
| #define PACKAGE_BUGREPORT "g.marras@cineca.it"
| #define PACKAGE_URL ""
| #define PACKAGE "mpiio"
| #define VERSION "1.0"
| /* end confdefs.h.  */
| 
| int
| main ()
| {
| 
|   ;
|   return 0;
| }
configure:3194: mpCC_r -c   conftest.c >&5
xlC_r: 1501-245 (W) Warning: Hard ulimit has been reduced to less than RLIM_INFINITY.  There may not be enough space to complete the compilation.
configure:3194: $? = 0
configure: failed program was:
| /* confdefs.h */
| #define PACKAGE_NAME "mpiio"
| #define PACKAGE_TARNAME "mpiio"
| #define PACKAGE_VERSION "1.0"
| #define PACKAGE_STRING "mpiio 1.0"
| #define PACKAGE_BUGREPORT "g.marras@cineca.it"
| #define PACKAGE_URL ""
| #define PACKAGE "mpiio"
| #define VERSION "1.0"
| /* end confdefs.h.  */
| 
| int
| main ()
| {
| 
|   ;
|   return 0;
| }
configure:3210: mpCC_r -c -g  conftest.c >&5
xlC_r: 1501-245 (W) Warning: Hard ulimit has been reduced to less than RLIM_INFINITY.  There may not be enough space to complete the compilation.
configure:3210: $? = 0
configure:3220: result: yes
configure:3237: checking for mpCC_r option to accept ISO C89
configure:3301: mpCC_r  -c -g  conftest.c >&5
xlC_r: 1501-245 (W) Warning: Hard ulimit has been reduced to less than RLIM_INFINITY.  There may not be enough space to complete the compilation.
configure:3301: $? = 0
configure:3314: result: none needed
configure:3345: checking for style of include used by make
configure:3373: result: GNU
configure:3398: checking dependency style of mpCC_r
configure:3508: result: aix
configure:3580: checking for mpicc
configure:3610: result: no
configure:3580: checking for hcc
configure:3610: result: no
configure:3580: checking for mpxlc_r
configure:3610: result: no
configure:3580: checking for mpxlc
configure:3610: result: no
configure:3580: checking for mpcc
configure:3596: found /usr/bin/mpcc
configure:3607: result: mpcc
configure:3641: checking for mpic++
configure:3671: result: no
configure:3641: checking for mpicxx
configure:3671: result: no
configure:3641: checking for mpiCC
configure:3671: result: no
configure:3641: checking for hcp
configure:3671: result: no
configure:3641: checking for mpxlC_r
configure:3671: result: no
configure:3641: checking for mpxlC
configure:3671: result: no
configure:3641: checking for mpCC
configure:3657: found /usr/bin/mpCC
configure:3668: result: mpCC
configure:3702: checking for mpif77
configure:3732: result: no
configure:3702: checking for hf77
configure:3732: result: no
configure:3702: checking for mpxlf_r
configure:3718: found /usr/bin/mpxlf_r
configure:3729: result: mpxlf_r
configure:3763: checking for mpif90
configure:3793: result: no
configure:3763: checking for mpxlf95_r
configure:3779: found /usr/bin/mpxlf95_r
configure:3790: result: mpxlf95_r
configure:3877: checking for ranlib
configure:3893: found /usr/bin/ranlib
configure:3904: result: ranlib
configure:3931: checking for main in -lm
configure:3950: mpcc -o conftest -g   conftest.c -lm   >&5
cc_r: 1501-245 (W) Warning: Hard ulimit has been reduced to less than RLIM_INFINITY.  There may not be enough space to complete the compilation.
configure:3950: $? = 0
configure:3959: result: yes
configure:3977: checking how to run the C preprocessor
configure:4008: mpcc -E  conftest.c
cc_r: 1501-245 (W) Warning: Hard ulimit has been reduced to less than RLIM_INFINITY.  There may not be enough space to complete the compilation.
configure:4008: $? = 0
configure:4022: mpcc -E  conftest.c
cc_r: 1501-245 (W) Warning: Hard ulimit has been reduced to less than RLIM_INFINITY.  There may not be enough space to complete the compilation.
"conftest.c", line 12.10: 1506-296 (S) #include file <ac_nonexistent.h> not found.
configure:4022: $? = 1
configure: failed program was:
| /* confdefs.h */
| #define PACKAGE_NAME "mpiio"
| #define PACKAGE_TARNAME "mpiio"
| #define PACKAGE_VERSION "1.0"
| #define PACKAGE_STRING "mpiio 1.0"
| #define PACKAGE_BUGREPORT "g.marras@cineca.it"
| #define PACKAGE_URL ""
| #define PACKAGE "mpiio"
| #define VERSION "1.0"
| #define HAVE_LIBM 1
| /* end confdefs.h.  */
| #include <ac_nonexistent.h>
configure:4047: result: mpcc -E
configure:4067: mpcc -E  conftest.c
cc_r: 1501-245 (W) Warning: Hard ulimit has been reduced to less than RLIM_INFINITY.  There may not be enough space to complete the compilation.
configure:4067: $? = 0
configure:4081: mpcc -E  conftest.c
cc_r: 1501-245 (W) Warning: Hard ulimit has been reduced to less than RLIM_INFINITY.  There may not be enough space to complete the compilation.
"conftest.c", line 12.10: 1506-296 (S) #include file <ac_nonexistent.h> not found.
configure:4081: $? = 1
configure: failed program was:
| /* confdefs.h */
| #define PACKAGE_NAME "mpiio"
| #define PACKAGE_TARNAME "mpiio"
| #define PACKAGE_VERSION "1.0"
| #define PACKAGE_STRING "mpiio 1.0"
| #define PACKAGE_BUGREPORT "g.marras@cineca.it"
| #define PACKAGE_URL ""
| #define PACKAGE "mpiio"
| #define VERSION "1.0"
| #define HAVE_LIBM 1
| /* end confdefs.h.  */
| #include <ac_nonexistent.h>
configure:4110: checking for grep that handles long lines and -e
configure:4168: result: /opt/freeware/bin/grep
configure:4173: checking for egrep
configure:4235: result: /opt/freeware/bin/grep -E
configure:4240: checking for ANSI C header files
configure:4260: mpcc -c -g  conftest.c >&5
cc_r: 1501-245 (W) Warning: Hard ulimit has been reduced to less than RLIM_INFINITY.  There may not be enough space to complete the compilation.
configure:4260: $? = 0
cc_r: 1501-245 (W) Warning: Hard ulimit has been reduced to less than RLIM_INFINITY.  There may not be enough space to complete the compilation.
cc_r: 1501-245 (W) Warning: Hard ulimit has been reduced to less than RLIM_INFINITY.  There may not be enough space to complete the compilation.
configure:4333: mpcc -o conftest -g   conftest.c -lm  >&5
cc_r: 1501-245 (W) Warning: Hard ulimit has been reduced to less than RLIM_INFINITY.  There may not be enough space to complete the compilation.
configure:4333: $? = 0
configure:4333: ./conftest
llsubmit: Processed command file through Submit Filter: "/cineca/usr/loadl/deisa/exits/pre_filter.pl".

configure:4333: $? = 0
configure:4344: result: yes
configure:4357: checking for sys/types.h
configure:4357: mpcc -c -g  conftest.c >&5
cc_r: 1501-245 (W) Warning: Hard ulimit has been reduced to less than RLIM_INFINITY.  There may not be enough space to complete the compilation.
configure:4357: $? = 0
configure:4357: result: yes
configure:4357: checking for sys/stat.h
configure:4357: mpcc -c -g  conftest.c >&5
cc_r: 1501-245 (W) Warning: Hard ulimit has been reduced to less than RLIM_INFINITY.  There may not be enough space to complete the compilation.
configure:4357: $? = 0
configure:4357: result: yes
configure:4357: checking for stdlib.h
configure:4357: mpcc -c -g  conftest.c >&5
cc_r: 1501-245 (W) Warning: Hard ulimit has been reduced to less than RLIM_INFINITY.  There may not be enough space to complete the compilation.
configure:4357: $? = 0
configure:4357: result: yes
configure:4357: checking for string.h
configure:4357: mpcc -c -g  conftest.c >&5
cc_r: 1501-245 (W) Warning: Hard ulimit has been reduced to less than RLIM_INFINITY.  There may not be enough space to complete the compilation.
configure:4357: $? = 0
configure:4357: result: yes
configure:4357: checking for memory.h
configure:4357: mpcc -c -g  conftest.c >&5
cc_r: 1501-245 (W) Warning: Hard ulimit has been reduced to less than RLIM_INFINITY.  There may not be enough space to complete the compilation.
configure:4357: $? = 0
configure:4357: result: yes
configure:4357: checking for strings.h
configure:4357: mpcc -c -g  conftest.c >&5
cc_r: 1501-245 (W) Warning: Hard ulimit has been reduced to less than RLIM_INFINITY.  There may not be enough space to complete the compilation.
configure:4357: $? = 0
configure:4357: result: yes
configure:4357: checking for inttypes.h
configure:4357: mpcc -c -g  conftest.c >&5
cc_r: 1501-245 (W) Warning: Hard ulimit has been reduced to less than RLIM_INFINITY.  There may not be enough space to complete the compilation.
configure:4357: $? = 0
configure:4357: result: yes
configure:4357: checking for stdint.h
configure:4357: mpcc -c -g  conftest.c >&5
cc_r: 1501-245 (W) Warning: Hard ulimit has been reduced to less than RLIM_INFINITY.  There may not be enough space to complete the compilation.
configure:4357: $? = 0
configure:4357: result: yes
configure:4357: checking for unistd.h
configure:4357: mpcc -c -g  conftest.c >&5
cc_r: 1501-245 (W) Warning: Hard ulimit has been reduced to less than RLIM_INFINITY.  There may not be enough space to complete the compilation.
configure:4357: $? = 0
configure:4357: result: yes
configure:4373: checking for stdlib.h
configure:4373: result: yes
configure:4373: checking for string.h
configure:4373: result: yes
configure:4390: checking for stdlib.h
configure:4390: result: yes
configure:4400: checking for GNU libc compatible malloc
configure:4424: mpcc -o conftest -g   conftest.c -lm  >&5
cc_r: 1501-245 (W) Warning: Hard ulimit has been reduced to less than RLIM_INFINITY.  There may not be enough space to complete the compilation.
configure:4424: $? = 0
configure:4424: ./conftest
llsubmit: Processed command file through Submit Filter: "/cineca/usr/loadl/deisa/exits/pre_filter.pl".

configure:4424: $? = 1
configure: program exited with status 1
configure: failed program was:
| /* confdefs.h */
| #define PACKAGE_NAME "mpiio"
| #define PACKAGE_TARNAME "mpiio"
| #define PACKAGE_VERSION "1.0"
| #define PACKAGE_STRING "mpiio 1.0"
| #define PACKAGE_BUGREPORT "g.marras@cineca.it"
| #define PACKAGE_URL ""
| #define PACKAGE "mpiio"
| #define VERSION "1.0"
| #define HAVE_LIBM 1
| #define STDC_HEADERS 1
| #define HAVE_SYS_TYPES_H 1
| #define HAVE_SYS_STAT_H 1
| #define HAVE_STDLIB_H 1
| #define HAVE_STRING_H 1
| #define HAVE_MEMORY_H 1
| #define HAVE_STRINGS_H 1
| #define HAVE_INTTYPES_H 1
| #define HAVE_STDINT_H 1
| #define HAVE_UNISTD_H 1
| #define HAVE_STDLIB_H 1
| #define HAVE_STRING_H 1
| #define HAVE_STDLIB_H 1
| /* end confdefs.h.  */
| #if defined STDC_HEADERS || defined HAVE_STDLIB_H
| # include <stdlib.h>
| #else
| char *malloc ();
| #endif
| 
| int
| main ()
| {
| return ! malloc (0);
|   ;
|   return 0;
| }
configure:4434: result: no
configure:4588: creating ./config.status

## ---------------- ##
## Cache variables. ##
## ---------------- ##

ac_cv_c_compiler_gnu=no
ac_cv_env_CC_set=set
ac_cv_env_CC_value=mpCC_r
ac_cv_env_CFLAGS_set=''
ac_cv_env_CFLAGS_value=''
ac_cv_env_CPPFLAGS_set=''
ac_cv_env_CPPFLAGS_value=''
ac_cv_env_CPP_set=''
ac_cv_env_CPP_value=''
ac_cv_env_LDFLAGS_set=''
ac_cv_env_LDFLAGS_value=''
ac_cv_env_LIBS_set=''
ac_cv_env_LIBS_value=''
ac_cv_env_MPICC_set=''
ac_cv_env_MPICC_value=''
ac_cv_env_MPICXX_set=''
ac_cv_env_MPICXX_value=''
ac_cv_env_MPIF77_set=''
ac_cv_env_MPIF77_value=''
ac_cv_env_MPIFC_set=''
ac_cv_env_MPIFC_value=''
ac_cv_env_build_alias_set=''
ac_cv_env_build_alias_value=''
ac_cv_env_host_alias_set=''
ac_cv_env_host_alias_value=''
ac_cv_env_target_alias_set=''
ac_cv_env_target_alias_value=''
ac_cv_func_malloc_0_nonnull=no
ac_cv_header_inttypes_h=yes
ac_cv_header_memory_h=yes
ac_cv_header_stdc=yes
ac_cv_header_stdint_h=yes
ac_cv_header_stdlib_h=yes
ac_cv_header_string_h=yes
ac_cv_header_strings_h=yes
ac_cv_header_sys_stat_h=yes
ac_cv_header_sys_types_h=yes
ac_cv_header_unistd_h=yes
ac_cv_lib_m_main=yes
ac_cv_objext=o
ac_cv_path_EGREP='/opt/freeware/bin/grep -E'
ac_cv_path_GREP=/opt/freeware/bin/grep
ac_cv_path_install='/opt/freeware/bin/install -c'
ac_cv_path_mkdir=/opt/freeware/bin/mkdir
ac_cv_prog_AWK=gawk
ac_cv_prog_CPP='mpcc -E'
ac_cv_prog_MPICC=mpcc
ac_cv_prog_MPICXX=mpCC
ac_cv_prog_MPIF77=mpxlf_r
ac_cv_prog_MPIFC=mpxlf95_r
ac_cv_prog_ac_ct_CC=mpCC_r
ac_cv_prog_ac_ct_RANLIB=ranlib
ac_cv_prog_cc_c89=''
ac_cv_prog_cc_g=yes
ac_cv_prog_make_make_set=yes
am_cv_CC_dependencies_compiler_type=aix

## ----------------- ##
## Output variables. ##
## ----------------- ##

ACLOCAL='${SHELL} /sp6/usercin/cin0554a/splotch/mpiio-1.0/missing --run aclocal-1.11'
AMDEPBACKSLASH='\'
AMDEP_FALSE='#'
AMDEP_TRUE=''
AMTAR='${SHELL} /sp6/usercin/cin0554a/splotch/mpiio-1.0/missing --run tar'
AUTOCONF='${SHELL} /sp6/usercin/cin0554a/splotch/mpiio-1.0/missing --run autoconf'
AUTOHEADER='${SHELL} /sp6/usercin/cin0554a/splotch/mpiio-1.0/missing --run autoheader'
AUTOMAKE='${SHELL} /sp6/usercin/cin0554a/splotch/mpiio-1.0/missing --run automake-1.11'
AWK='gawk'
CC='mpcc'
CCDEPMODE='depmode=aix'
CFLAGS='-g'
CPP='mpcc -E'
CPPFLAGS=''
CYGPATH_W='echo'
DEBUG_FALSE=''
DEBUG_TRUE='#'
DEFS='-DHAVE_CONFIG_H'
DEPDIR='.deps'
ECHO_C='\c'
ECHO_N=''
ECHO_T=''
EGREP='/opt/freeware/bin/grep -E'
EXEEXT=''
GREP='/opt/freeware/bin/grep'
INSTALL_DATA='${INSTALL} -m 644'
INSTALL_PROGRAM='${INSTALL}'
INSTALL_SCRIPT='${INSTALL}'
INSTALL_STRIP_PROGRAM='$(install_sh) -c -s'
LDFLAGS=''
LIBOBJS=' ${LIBOBJDIR}malloc$U.o'
LIBS='-lm '
LTLIBOBJS=' ${LIBOBJDIR}malloc$U.lo'
MAKEINFO='${SHELL} /sp6/usercin/cin0554a/splotch/mpiio-1.0/missing --run makeinfo'
MKDIR_P='/opt/freeware/bin/mkdir -p'
MPICC='mpcc'
MPICXX='mpCC'
MPIF77='mpxlf_r'
MPIFC='mpxlf95_r'
MPI_FALSE='#'
MPI_TRUE=''
OBJEXT='o'
PACKAGE='mpiio'
PACKAGE_BUGREPORT='g.marras@cineca.it'
PACKAGE_NAME='mpiio'
PACKAGE_STRING='mpiio 1.0'
PACKAGE_TARNAME='mpiio'
PACKAGE_URL=''
PACKAGE_VERSION='1.0'
PATH_SEPARATOR=':'
RANLIB='ranlib'
SET_MAKE=''
SHELL='/bin/sh'
STRIP=''
VERSION='1.0'
ac_ct_CC='mpCC_r'
am__EXEEXT_FALSE=''
am__EXEEXT_TRUE='#'
am__fastdepCC_FALSE=''
am__fastdepCC_TRUE='#'
am__include='include'
am__isrc=''
am__leading_dot='.'
am__quote=''
am__tar='${AMTAR} chof - "$$tardir"'
am__untar='${AMTAR} xf -'
bindir='${exec_prefix}/bin'
build_alias=''
datadir='${datarootdir}'
datarootdir='${prefix}/share'
docdir='${datarootdir}/doc/${PACKAGE_TARNAME}'
dvidir='${docdir}'
exec_prefix='${prefix}'
host_alias=''
htmldir='${docdir}'
includedir='${prefix}/include'
infodir='${datarootdir}/info'
install_sh='${SHELL} /sp6/usercin/cin0554a/splotch/mpiio-1.0/install-sh'
libdir='${exec_prefix}/lib'
libexecdir='${exec_prefix}/libexec'
localedir='${datarootdir}/locale'
localstatedir='${prefix}/var'
mandir='${datarootdir}/man'
mkdir_p='/opt/freeware/bin/mkdir -p'
oldincludedir='/usr/include'
pdfdir='${docdir}'
prefix='../..'
program_transform_name='s,x,x,'
psdir='${docdir}'
pwd='/sp6/usercin/cin0554a/splotch/mpiio-1.0'
sbindir='${exec_prefix}/sbin'
sharedstatedir='${prefix}/com'
sysconfdir='${prefix}/etc'
target_alias=''

## ----------- ##
## confdefs.h. ##
## ----------- ##

/* confdefs.h */
#define PACKAGE_NAME "mpiio"
#define PACKAGE_TARNAME "mpiio"
#define PACKAGE_VERSION "1.0"
#define PACKAGE_STRING "mpiio 1.0"
#define PACKAGE_BUGREPORT "g.marras@cineca.it"
#define PACKAGE_URL ""
#define PACKAGE "mpiio"
#define VERSION "1.0"
#define HAVE_LIBM 1
#define STDC_HEADERS 1
#define HAVE_SYS_TYPES_H 1
#define HAVE_SYS_STAT_H 1
#define HAVE_STDLIB_H 1
#define HAVE_STRING_H 1
#define HAVE_MEMORY_H 1
#define HAVE_STRINGS_H 1
#define HAVE_INTTYPES_H 1
#define HAVE_STDINT_H 1
#define HAVE_UNISTD_H 1
#define HAVE_STDLIB_H 1
#define HAVE_STRING_H 1
#define HAVE_STDLIB_H 1
#define HAVE_MALLOC 0
#define malloc rpl_malloc

configure: exit 0

## ---------------------- ##
## Running config.status. ##
## ---------------------- ##

This file was extended by mpiio config.status 1.0, which was
generated by GNU Autoconf 2.64.  Invocation command line was

  CONFIG_FILES    = 
  CONFIG_HEADERS  = 
  CONFIG_LINKS    = 
  CONFIG_COMMANDS = 
  $ ./config.status 

on sp0201

config.status:864: creating Makefile
config.status:864: creating src/Makefile
config.status:864: creating man/Makefile
config.status:864: creating config.h
config.status:1036: config.h is unchanged
config.status:1084: executing depfiles commands

## ---------------------- ##
## Running config.status. ##
## ---------------------- ##

This file was extended by mpiio config.status 1.0, which was
generated by GNU Autoconf 2.64.  Invocation command line was

  CONFIG_FILES    = 
  CONFIG_HEADERS  = 
  CONFIG_LINKS    = 
  CONFIG_COMMANDS = 
  $ ./config.status config.h

on sp0201

config.status:864: creating config.h
config.status:1036: config.h is unchanged
